<?xml version="1.0" encoding="UTF-8" ?>
<testsuite failures="0" time="1.834" errors="0" skipped="0" tests="9" name="EntityManagerTest">
  <properties>
[...]
</properties>
  <testcase time="0.073" classname="EntityManagerTest" name="TestVehicule"/>
  <testcase time="0.005" classname="EntityManagerTest" name="TestType"/>
  <testcase time="0.008" classname="EntityManagerTest" name="TestParticulier"/>
  <testcase time="0.005" classname="EntityManagerTest" name="testEm"/>
  <testcase time="0.006" classname="EntityManagerTest" name="TestSociete"/>
  <testcase time="0.004" classname="EntityManagerTest" name="TestMarque"/>
  <testcase time="0.006" classname="EntityManagerTest" name="TestAppartenance"/>
  <testcase time="0.007" classname="EntityManagerTest" name="TestCarteGrise"/>
  <testcase time="0.004" classname="EntityManagerTest" name="TestModel"/>
</testsuite>